0 info it worked if it ends with ok
1 verbose cli [ '/usr/bin/node', '/usr/bin/npm', 'install', 'jade', '-g' ]
2 info using npm@1.4.28
3 info using node@v0.10.37
4 verbose node symlink /usr/bin/node
5 verbose cache add [ 'jade', null ]
6 verbose cache add name=undefined spec="jade" args=["jade",null]
7 verbose parsed url { protocol: null,
7 verbose parsed url   slashes: null,
7 verbose parsed url   auth: null,
7 verbose parsed url   host: null,
7 verbose parsed url   port: null,
7 verbose parsed url   hostname: null,
7 verbose parsed url   hash: null,
7 verbose parsed url   search: null,
7 verbose parsed url   query: null,
7 verbose parsed url   pathname: 'jade',
7 verbose parsed url   path: 'jade',
7 verbose parsed url   href: 'jade' }
8 silly lockFile 5bd60fae-jade jade
9 verbose lock jade /home/mitosis/.npm/5bd60fae-jade.lock
10 silly lockFile 5bd60fae-jade jade
11 silly lockFile 5bd60fae-jade jade
12 verbose addNamed [ 'jade', '' ]
13 verbose addNamed [ null, '*' ]
14 silly lockFile 51d481b2-jade jade@
15 verbose lock jade@ /home/mitosis/.npm/51d481b2-jade.lock
16 silly addNameRange { name: 'jade', range: '*', hasData: false }
17 verbose request where is /jade
18 verbose request registry https://registry.npmjs.org/
19 verbose request id 286aed9f576d7a21
20 verbose url raw /jade
21 verbose url resolving [ 'https://registry.npmjs.org/', './jade' ]
22 verbose url resolved https://registry.npmjs.org/jade
23 verbose request where is https://registry.npmjs.org/jade
24 info trying registry request attempt 1 at 11:36:52
25 verbose etag W/"58b36dfa-27aff"
26 http GET https://registry.npmjs.org/jade
27 http 304 https://registry.npmjs.org/jade
28 silly registry.get cb [ 304,
28 silly registry.get   { date: 'Wed, 08 Mar 2017 06:06:52 GMT',
28 silly registry.get     via: '1.1 varnish',
28 silly registry.get     'cache-control': 'max-age=300',
28 silly registry.get     etag: 'W/"58b36dfa-27aff"',
28 silly registry.get     age: '36',
28 silly registry.get     connection: 'keep-alive',
28 silly registry.get     'x-served-by': 'cache-sin6923-SIN',
28 silly registry.get     'x-cache': 'HIT',
28 silly registry.get     'x-cache-hits': '2',
28 silly registry.get     'x-timer': 'S1488953212.704872,VS0,VE0',
28 silly registry.get     vary: 'Accept-Encoding' } ]
29 verbose etag https://registry.npmjs.org/jade from cache
30 silly addNameRange number 2 { name: 'jade', range: '*', hasData: true }
31 silly addNameRange versions [ 'jade',
31 silly addNameRange   [ '0.0.1',
31 silly addNameRange     '0.0.2',
31 silly addNameRange     '0.1.0',
31 silly addNameRange     '0.2.0',
31 silly addNameRange     '0.2.1',
31 silly addNameRange     '0.2.2',
31 silly addNameRange     '0.2.3',
31 silly addNameRange     '0.2.4',
31 silly addNameRange     '0.3.0',
31 silly addNameRange     '0.4.0',
31 silly addNameRange     '0.4.1',
31 silly addNameRange     '0.5.0',
31 silly addNameRange     '0.5.1',
31 silly addNameRange     '0.5.2',
31 silly addNameRange     '0.5.3',
31 silly addNameRange     '0.5.4',
31 silly addNameRange     '0.5.5',
31 silly addNameRange     '0.5.6',
31 silly addNameRange     '0.5.7',
31 silly addNameRange     '0.6.0',
31 silly addNameRange     '0.6.1',
31 silly addNameRange     '0.6.3',
31 silly addNameRange     '0.7.0',
31 silly addNameRange     '0.7.1',
31 silly addNameRange     '0.8.0',
31 silly addNameRange     '0.8.1',
31 silly addNameRange     '0.8.2',
31 silly addNameRange     '0.8.3',
31 silly addNameRange     '0.8.4',
31 silly addNameRange     '0.8.5',
31 silly addNameRange     '0.8.6',
31 silly addNameRange     '0.8.7',
31 silly addNameRange     '0.8.8',
31 silly addNameRange     '0.8.9',
31 silly addNameRange     '0.9.0',
31 silly addNameRange     '0.9.1',
31 silly addNameRange     '0.9.2',
31 silly addNameRange     '0.9.3',
31 silly addNameRange     '0.10.0',
31 silly addNameRange     '0.10.1',
31 silly addNameRange     '0.10.2',
31 silly addNameRange     '0.10.3',
31 silly addNameRange     '0.10.4',
31 silly addNameRange     '0.10.5',
31 silly addNameRange     '0.10.6',
31 silly addNameRange     '0.10.7',
31 silly addNameRange     '0.11.0',
31 silly addNameRange     '0.11.1',
31 silly addNameRange     '0.12.0',
31 silly addNameRange     '0.12.1',
31 silly addNameRange     '0.12.2',
31 silly addNameRange     '0.12.3',
31 silly addNameRange     '0.12.4',
31 silly addNameRange     '0.13.0',
31 silly addNameRange     '0.14.0',
31 silly addNameRange     '0.14.1',
31 silly addNameRange     '0.14.2',
31 silly addNameRange     '0.15.0',
31 silly addNameRange     '0.15.1',
31 silly addNameRange     '0.15.2',
31 silly addNameRange     '0.15.3',
31 silly addNameRange     '0.15.4',
31 silly addNameRange     '0.16.0',
31 silly addNameRange     '0.16.1',
31 silly addNameRange     '0.16.2',
31 silly addNameRange     '0.16.3',
31 silly addNameRange     '0.16.4',
31 silly addNameRange     '0.17.0',
31 silly addNameRange     '0.18.0',
31 silly addNameRange     '0.19.0',
31 silly addNameRange     '0.20.0',
31 silly addNameRange     '0.20.1',
31 silly addNameRange     '0.20.2',
31 silly addNameRange     '0.20.3',
31 silly addNameRange     '0.21.0',
31 silly addNameRange     '0.22.0',
31 silly addNameRange     '0.22.1',
31 silly addNameRange     '0.23.0',
31 silly addNameRange     '0.24.0',
31 silly addNameRange     '0.25.0',
31 silly addNameRange     '0.26.0',
31 silly addNameRange     '0.26.1',
31 silly addNameRange     '0.26.2',
31 silly addNameRange     '0.26.3',
31 silly addNameRange     '0.27.0',
31 silly addNameRange     '0.27.1',
31 silly addNameRange     '0.27.2',
31 silly addNameRange     '0.27.3',
31 silly addNameRange     '0.27.4',
31 silly addNameRange     '0.27.5',
31 silly addNameRange     '0.27.6',
31 silly addNameRange     '0.27.7',
31 silly addNameRange     '0.28.0',
31 silly addNameRange     '0.28.1',
31 silly addNameRange     '0.28.2',
31 silly addNameRange     '0.29.0',
31 silly addNameRange     '0.30.0',
31 silly addNameRange     '0.31.0',
31 silly addNameRange     '0.31.1',
31 silly addNameRange     '0.31.2',
31 silly addNameRange     '0.32.0',
31 silly addNameRange     '0.33.0',
31 silly addNameRange     '0.34.0',
31 silly addNameRange     '0.34.1',
31 silly addNameRange     '0.35.0',
31 silly addNameRange     '1.0.0',
31 silly addNameRange     '1.0.1',
31 silly addNameRange     '1.0.2',
31 silly addNameRange     '1.1.0',
31 silly addNameRange     '1.1.1',
31 silly addNameRange     '1.1.2',
31 silly addNameRange     '1.1.3',
31 silly addNameRange     '1.1.4',
31 silly addNameRange     '1.1.5',
31 silly addNameRange     '1.2.0',
31 silly addNameRange     '1.3.0',
31 silly addNameRange     '1.3.1',
31 silly addNameRange     '1.4.0',
31 silly addNameRange     '1.4.1',
31 silly addNameRange     '1.4.2',
31 silly addNameRange     '1.5.0',
31 silly addNameRange     '1.6.0',
31 silly addNameRange     '1.7.0',
31 silly addNameRange     '1.8.0',
31 silly addNameRange     '1.8.1',
31 silly addNameRange     '1.8.2',
31 silly addNameRange     '1.9.0',
31 silly addNameRange     '1.9.1',
31 silly addNameRange     '1.9.2',
31 silly addNameRange     '1.10.0',
31 silly addNameRange     '1.11.0' ] ]
32 verbose addNamed [ 'jade', '1.11.0' ]
33 verbose addNamed [ '1.11.0', '1.11.0' ]
34 silly lockFile 3da033ff-jade-1-11-0 jade@1.11.0
35 verbose lock jade@1.11.0 /home/mitosis/.npm/3da033ff-jade-1-11-0.lock
36 warn deprecated jade@1.11.0: Jade has been renamed to pug, please install the latest version of pug instead of jade
37 silly lockFile 3da033ff-jade-1-11-0 jade@1.11.0
38 silly lockFile 3da033ff-jade-1-11-0 jade@1.11.0
39 silly lockFile 51d481b2-jade jade@
40 silly lockFile 51d481b2-jade jade@
41 silly resolved [ { name: 'jade',
41 silly resolved     description: 'A clean, whitespace-sensitive template language for writing HTML',
41 silly resolved     version: '1.11.0',
41 silly resolved     author: { name: 'TJ Holowaychuk', email: 'tj@vision-media.ca' },
41 silly resolved     maintainers: [ [Object], [Object], [Object], [Object] ],
41 silly resolved     license: 'MIT',
41 silly resolved     repository: { type: 'git', url: 'git://github.com/jadejs/jade.git' },
41 silly resolved     main: 'lib',
41 silly resolved     bin: { jade: './bin/jade.js' },
41 silly resolved     dependencies:
41 silly resolved      { 'character-parser': '1.2.1',
41 silly resolved        'clean-css': '^3.1.9',
41 silly resolved        commander: '~2.6.0',
41 silly resolved        constantinople: '~3.0.1',
41 silly resolved        jstransformer: '0.0.2',
41 silly resolved        mkdirp: '~0.5.0',
41 silly resolved        transformers: '2.1.0',
41 silly resolved        'uglify-js': '^2.4.19',
41 silly resolved        'void-elements': '~2.0.1',
41 silly resolved        with: '~4.0.0' },
41 silly resolved     devDependencies:
41 silly resolved      { browserify: '*',
41 silly resolved        'browserify-middleware': '~4.1.0',
41 silly resolved        'code-mirror': '~3.22.0',
41 silly resolved        'coffee-script': '*',
41 silly resolved        coveralls: '^2.11.2',
41 silly resolved        express: '~4.10.4',
41 silly resolved        'github-basic': '^4.1.2',
41 silly resolved        handle: '~1.0.0',
41 silly resolved        'highlight-codemirror': '~4.1.0',
41 silly resolved        inconsolata: '0.0.2',
41 silly resolved        istanbul: '*',
41 silly resolved        'jade-code-mirror': '~1.0.5',
41 silly resolved        'jade-highlighter': '~1.0.5',
41 silly resolved        'jstransformer-cdata': '0.0.3',
41 silly resolved        'jstransformer-coffee-script': '0.0.2',
41 silly resolved        'jstransformer-less': '^1.0.0',
41 silly resolved        'jstransformer-marked': '0.0.1',
41 silly resolved        'jstransformer-stylus': '0.0.1',
41 silly resolved        'jstransformer-verbatim': '0.0.2',
41 silly resolved        less: '<2.0.0',
41 silly resolved        'less-file': '0.0.9',
41 silly resolved        linify: '*',
41 silly resolved        lsr: '^1.0.0',
41 silly resolved        marked: '~0.3.3',
41 silly resolved        mocha: '*',
41 silly resolved        opener: '^1.3.0',
41 silly resolved        'pull-request': '^3.0.0',
41 silly resolved        rimraf: '^2.2.8',
41 silly resolved        should: '*',
41 silly resolved        stop: '^3.0.0-rc1',
41 silly resolved        stylus: '*',
41 silly resolved        twbs: '0.0.6',
41 silly resolved        'uglify-js': '*' },
41 silly resolved     component: { scripts: [Object] },
41 silly resolved     scripts:
41 silly resolved      { test: 'mocha -R spec',
41 silly resolved        precoverage: 'rimraf coverage && rimraf cov-pt*',
41 silly resolved        coverage: 'istanbul cover --report none --dir cov-pt0 node_modules/mocha/bin/_mocha -- -R dot',
41 silly resolved        postcoverage: 'istanbul report --include cov-pt\\*/coverage.json && rimraf cov-pt*',
41 silly resolved        coveralls: 'npm run coverage && cat ./coverage/lcov.info | coveralls',
41 silly resolved        prepublish: 'npm prune && linify transform bin && npm run build',
41 silly resolved        build: 'npm run compile',
41 silly resolved        compile: 'npm run compile-full && npm run compile-runtime',
41 silly resolved        'compile-full': 'browserify ./lib/index.js --standalone jade -x ./node_modules/transformers > jade.js',
41 silly resolved        'compile-runtime': 'browserify ./lib/runtime.js --standalone jade > runtime.js' },
41 silly resolved     browser: { fs: false, './lib/filters.js': './lib/filters-client.js' },
41 silly resolved     homepage: 'http://jade-lang.com',
41 silly resolved     gitHead: '31966399f86b15159f2ff47dff99fbf4c92fadd5',
41 silly resolved     bugs: { url: 'https://github.com/jadejs/jade/issues' },
41 silly resolved     _id: 'jade@1.11.0',
41 silly resolved     _shasum: '9c80e538c12d3fb95c8d9bb9559fa0cc040405fd',
41 silly resolved     _from: 'jade@',
41 silly resolved     _npmVersion: '2.11.0',
41 silly resolved     _nodeVersion: '2.2.1',
41 silly resolved     _npmUser: { name: 'alubbe', email: 'npm@lubbe.org' },
41 silly resolved     dist:
41 silly resolved      { shasum: '9c80e538c12d3fb95c8d9bb9559fa0cc040405fd',
41 silly resolved        tarball: 'https://registry.npmjs.org/jade/-/jade-1.11.0.tgz' },
41 silly resolved     deprecated: 'Jade has been renamed to pug, please install the latest version of pug instead of jade',
41 silly resolved     directories: {},
41 silly resolved     _resolved: 'https://registry.npmjs.org/jade/-/jade-1.11.0.tgz',
41 silly resolved     readme: 'ERROR: No README data found!' } ]
42 info install jade@1.11.0 into /usr/lib
43 info installOne jade@1.11.0
44 verbose lib/node_modules/jade unbuild
45 verbose tar unpack /home/mitosis/.npm/jade/1.11.0/package.tgz
46 silly lockFile 4b04e445-tar-usr-lib-node-modules-jade tar:///usr/lib/node_modules/jade
47 verbose lock tar:///usr/lib/node_modules/jade /home/mitosis/.npm/4b04e445-tar-usr-lib-node-modules-jade.lock
48 silly lockFile 0e0c8163-osis-npm-jade-1-11-0-package-tgz tar:///home/mitosis/.npm/jade/1.11.0/package.tgz
49 verbose lock tar:///home/mitosis/.npm/jade/1.11.0/package.tgz /home/mitosis/.npm/0e0c8163-osis-npm-jade-1-11-0-package-tgz.lock
50 silly gunzTarPerm modes [ '775', '664' ]
51 error Error: EACCES, mkdir '/usr/lib/node_modules/jade'
51 error  { [Error: EACCES, mkdir '/usr/lib/node_modules/jade']
51 error   errno: 3,
51 error   code: 'EACCES',
51 error   path: '/usr/lib/node_modules/jade',
51 error   fstream_type: 'Directory',
51 error   fstream_path: '/usr/lib/node_modules/jade',
51 error   fstream_class: 'DirWriter',
51 error   fstream_stack:
51 error    [ '/usr/lib/node_modules/npm/node_modules/fstream/lib/dir-writer.js:36:23',
51 error      '/usr/lib/node_modules/npm/node_modules/mkdirp/index.js:46:53',
51 error      'Object.oncomplete (fs.js:108:15)' ] }
52 error Please try running this command again as root/Administrator.
53 error System Linux 3.13.0-74-generic
54 error command "/usr/bin/node" "/usr/bin/npm" "install" "jade" "-g"
55 error cwd /home/mitosis/git/MEANStackTraining/EmployeeDB
56 error node -v v0.10.37
57 error npm -v 1.4.28
58 error path /usr/lib/node_modules/jade
59 error fstream_path /usr/lib/node_modules/jade
60 error fstream_type Directory
61 error fstream_class DirWriter
62 error code EACCES
63 error errno 3
64 error stack Error: EACCES, mkdir '/usr/lib/node_modules/jade'
65 error fstream_stack /usr/lib/node_modules/npm/node_modules/fstream/lib/dir-writer.js:36:23
65 error fstream_stack /usr/lib/node_modules/npm/node_modules/mkdirp/index.js:46:53
65 error fstream_stack Object.oncomplete (fs.js:108:15)
66 verbose exit [ 3, true ]
